-3.141592653589793116e+00
-3.125884690321844239e+00
-3.110176727053895362e+00
-3.094468763785946042e+00
-3.078760800517997165e+00
-3.063052837250048288e+00
-3.047344873982099411e+00
-3.031636910714150535e+00
-3.015928947446201214e+00
-3.000220984178252337e+00
-2.984513020910303460e+00
-2.968805057642354583e+00
-2.953097094374405707e+00
-2.937389131106456386e+00
-2.921681167838507509e+00
-2.905973204570558632e+00
-2.890265241302609756e+00
-2.874557278034660435e+00
-2.858849314766711558e+00
-2.843141351498762681e+00
-2.827433388230813804e+00
-2.811725424962864928e+00
-2.796017461694916051e+00
-2.780309498426966730e+00
-2.764601535159017853e+00
-2.748893571891068976e+00
-2.733185608623120100e+00
-2.717477645355170779e+00
-2.701769682087221902e+00
-2.686061718819273025e+00
-2.670353755551324149e+00
-2.654645792283375272e+00
-2.638937829015426395e+00
-2.623229865747477074e+00
-2.607521902479528197e+00
-2.591813939211579321e+00
-2.576105975943630444e+00
-2.560398012675681123e+00
-2.544690049407732246e+00
-2.528982086139783370e+00
-2.513274122871834493e+00
-2.497566159603885616e+00
-2.481858196335936739e+00
-2.466150233067987418e+00
-2.450442269800038542e+00
-2.434734306532089665e+00
-2.419026343264140788e+00
-2.403318379996191467e+00
-2.387610416728242591e+00
-2.371902453460293714e+00
-2.356194490192344837e+00
-2.340486526924395960e+00
-2.324778563656447083e+00
-2.309070600388497763e+00
-2.293362637120548886e+00
-2.277654673852600009e+00
-2.261946710584650688e+00
-2.246238747316701811e+00
-2.230530784048752935e+00
-2.214822820780804058e+00
-2.199114857512855181e+00
-2.183406894244906304e+00
-2.167698930976957428e+00
-2.151990967709008107e+00
-2.136283004441059230e+00
-2.120575041173110353e+00
-2.104867077905161032e+00
-2.089159114637212156e+00
-2.073451151369263279e+00
-2.057743188101314402e+00
-2.042035224833365525e+00
-2.026327261565416649e+00
-2.010619298297467772e+00
-1.994911335029518451e+00
-1.979203371761569574e+00
-1.963495408493620697e+00
-1.947787445225671599e+00
-1.932079481957722722e+00
-1.916371518689773623e+00
-1.900663555421824746e+00
-1.884955592153875870e+00
-1.869247628885926771e+00
-1.853539665617977894e+00
-1.837831702350028795e+00
-1.822123739082079918e+00
-1.806415775814130820e+00
-1.790707812546181943e+00
-1.774999849278233066e+00
-1.759291886010283967e+00
-1.743583922742335091e+00
-1.727875959474385992e+00
-1.712167996206437115e+00
-1.696460032938488238e+00
-1.680752069670539139e+00
-1.665044106402590263e+00
-1.649336143134641164e+00
-1.633628179866692287e+00
-1.617920216598743410e+00
-1.602212253330794312e+00
-1.586504290062845435e+00
-1.570796326794896336e+00
-1.555088363526947459e+00
-1.539380400258998582e+00
-1.523672436991049484e+00
-1.507964473723100607e+00
-1.492256510455151508e+00
-1.476548547187202631e+00
-1.460840583919253755e+00
-1.445132620651304656e+00
-1.429424657383355779e+00
-1.413716694115406680e+00
-1.398008730847457803e+00
-1.382300767579508705e+00
-1.366592804311559828e+00
-1.350884841043610951e+00
-1.335176877775661852e+00
-1.319468914507712975e+00
-1.303760951239763877e+00
-1.288052987971815000e+00
-1.272345024703866123e+00
-1.256637061435917024e+00
-1.240929098167968148e+00
-1.225221134900019049e+00
-1.209513171632070172e+00
-1.193805208364121295e+00
-1.178097245096172196e+00
-1.162389281828223320e+00
-1.146681318560274221e+00
-1.130973355292325344e+00
-1.115265392024376467e+00
-1.099557428756427591e+00
-1.083849465488478270e+00
-1.068141502220529393e+00
-1.052433538952580516e+00
-1.036725575684631639e+00
-1.021017612416682763e+00
-1.005309649148733442e+00
-9.896016858807845651e-01
-9.738937226128356883e-01
-9.581857593448868116e-01
-9.424777960769379348e-01
-9.267698328089886139e-01
-9.110618695410397372e-01
-8.953539062730908604e-01
-8.796459430051419837e-01
-8.639379797371931069e-01
-8.482300164692437860e-01
-8.325220532012949093e-01
-8.168140899333460325e-01
-8.011061266653971558e-01
-7.853981633974482790e-01
-7.696902001294989581e-01
-7.539822368615500814e-01
-7.382742735936012046e-01
-7.225663103256523279e-01
-7.068583470577034511e-01
-6.911503837897541302e-01
-6.754424205218052535e-01
-6.597344572538563767e-01
-6.440264939859075000e-01
-6.283185307179586232e-01
-6.126105674500093023e-01
-5.969026041820604256e-01
-5.811946409141115488e-01
-5.654866776461626721e-01
-5.497787143782133512e-01
-5.340707511102644744e-01
-5.183627878423155977e-01
-5.026548245743667209e-01
-4.869468613064178442e-01
-4.712388980384685233e-01
-4.555309347705196465e-01
-4.398229715025707698e-01
-4.241150082346218930e-01
-4.084070449666730163e-01
-3.926990816987236954e-01
-3.769911184307748186e-01
-3.612831551628259419e-01
-3.455751918948770651e-01
-3.298672286269281884e-01
-3.141592653589788675e-01
-2.984513020910299907e-01
-2.827433388230811140e-01
-2.670353755551322372e-01
-2.513274122871833605e-01
-2.356194490192340396e-01
-2.199114857512851628e-01
-2.042035224833362861e-01
-1.884955592153874093e-01
-1.727875959474385326e-01
-1.570796326794892117e-01
-1.413716694115403349e-01
-1.256637061435914582e-01
-1.099557428756425814e-01
-9.424777960769370466e-02
-7.853981633974438381e-02
-6.283185307179550705e-02
-4.712388980384663029e-02
-3.141592653589775352e-02
-1.570796326794887676e-02
4.440892098500626162e-16
1.570796326794932085e-02
3.141592653589819761e-02
4.712388980384707438e-02
6.283185307179595114e-02
7.853981633974527199e-02
9.424777960769414875e-02
1.099557428756430255e-01
1.256637061435919023e-01
1.413716694115407790e-01
1.570796326794900999e-01
1.727875959474389767e-01
1.884955592153878534e-01
2.042035224833367302e-01
2.199114857512856069e-01
2.356194490192349278e-01
2.513274122871838046e-01
2.670353755551326813e-01
2.827433388230815581e-01
2.984513020910304348e-01
3.141592653589797557e-01
3.298672286269286325e-01
3.455751918948775092e-01
3.612831551628263860e-01
3.769911184307757068e-01
3.926990816987245836e-01
4.084070449666734604e-01
4.241150082346223371e-01
4.398229715025712139e-01
4.555309347705205347e-01
4.712388980384694115e-01
4.869468613064182883e-01
5.026548245743671650e-01
5.183627878423160418e-01
5.340707511102653626e-01
5.497787143782142394e-01
5.654866776461631162e-01
5.811946409141119929e-01
5.969026041820608697e-01
6.126105674500101905e-01
6.283185307179590673e-01
6.440264939859079441e-01
6.597344572538568208e-01
6.754424205218056976e-01
6.911503837897550184e-01
7.068583470577038952e-01
7.225663103256527720e-01
7.382742735936016487e-01
7.539822368615505255e-01
7.696902001294998463e-01
7.853981633974487231e-01
8.011061266653975999e-01
8.168140899333464766e-01
8.325220532012953534e-01
8.482300164692446742e-01
8.639379797371935510e-01
8.796459430051424278e-01
8.953539062730913045e-01
9.110618695410401813e-01
9.267698328089890580e-01
9.424777960769379348e-01
9.581857593448876997e-01
9.738937226128365765e-01
9.896016858807854533e-01
1.005309649148734330e+00
1.021017612416683207e+00
1.036725575684632084e+00
1.052433538952580960e+00
1.068141502220529837e+00
1.083849465488478714e+00
1.099557428756427591e+00
1.115265392024377356e+00
1.130973355292326232e+00
1.146681318560275109e+00
1.162389281828223986e+00
1.178097245096172863e+00
1.193805208364121739e+00
1.209513171632070616e+00
1.225221134900019493e+00
1.240929098167968370e+00
1.256637061435917246e+00
1.272345024703867011e+00
1.288052987971815888e+00
1.303760951239764765e+00
1.319468914507713642e+00
1.335176877775662518e+00
1.350884841043611395e+00
1.366592804311560272e+00
1.382300767579509149e+00
1.398008730847458025e+00
1.413716694115406902e+00
1.429424657383356667e+00
1.445132620651305544e+00
1.460840583919254421e+00
1.476548547187203297e+00
1.492256510455152174e+00
1.507964473723101051e+00
1.523672436991049928e+00
1.539380400258998804e+00
1.555088363526947681e+00
1.570796326794896558e+00
1.586504290062846323e+00
1.602212253330795200e+00
1.617920216598744076e+00
1.633628179866692953e+00
1.649336143134641830e+00
1.665044106402590707e+00
1.680752069670539584e+00
1.696460032938488460e+00
1.712167996206437337e+00
1.727875959474386214e+00
1.743583922742335979e+00
1.759291886010284856e+00
1.774999849278233732e+00
1.790707812546182609e+00
1.806415775814131486e+00
1.822123739082080363e+00
1.837831702350029239e+00
1.853539665617978116e+00
1.869247628885926993e+00
1.884955592153875870e+00
1.900663555421825635e+00
1.916371518689774511e+00
1.932079481957723388e+00
1.947787445225672265e+00
1.963495408493621142e+00
1.979203371761570018e+00
1.994911335029518895e+00
2.010619298297467772e+00
2.026327261565416649e+00
2.042035224833366414e+00
2.057743188101315290e+00
2.073451151369264167e+00
2.089159114637213044e+00
2.104867077905161921e+00
2.120575041173110797e+00
2.136283004441059674e+00
2.151990967709008551e+00
2.167698930976957428e+00
2.183406894244906304e+00
2.199114857512856069e+00
2.214822820780804946e+00
2.230530784048753823e+00
2.246238747316702700e+00
2.261946710584651576e+00
2.277654673852600453e+00
2.293362637120549330e+00
2.309070600388498207e+00
2.324778563656447083e+00
2.340486526924395960e+00
2.356194490192345725e+00
2.371902453460294602e+00
2.387610416728243479e+00
2.403318379996192355e+00
2.419026343264141232e+00
2.434734306532090109e+00
2.450442269800038986e+00
2.466150233067987863e+00
2.481858196335936739e+00
2.497566159603885616e+00
2.513274122871835381e+00
2.528982086139784258e+00
2.544690049407733135e+00
2.560398012675682011e+00
2.576105975943630888e+00
2.591813939211579765e+00
2.607521902479528642e+00
2.623229865747477518e+00
2.638937829015426395e+00
2.654645792283375272e+00
2.670353755551325037e+00
2.686061718819273914e+00
2.701769682087222790e+00
2.717477645355171667e+00
2.733185608623120544e+00
2.748893571891069421e+00
2.764601535159018297e+00
2.780309498426967174e+00
2.796017461694916051e+00
2.811725424962864928e+00
2.827433388230814693e+00
2.843141351498763569e+00
2.858849314766712446e+00
2.874557278034661323e+00
2.890265241302610200e+00
2.905973204570559076e+00
2.921681167838507953e+00
2.937389131106456830e+00
2.953097094374405707e+00
2.968805057642355472e+00
2.984513020910304348e+00
3.000220984178253225e+00
3.015928947446202102e+00
3.031636910714150979e+00
3.047344873982099855e+00
3.063052837250048732e+00
3.078760800517997609e+00
3.094468763785946486e+00
3.110176727053895362e+00
3.125884690321845127e+00
3.141592653589793116e+00
-1.224646799147353207e-16
-1.570731731182071003e-02
-3.141075907812823642e-02
-4.710645070964295661e-02
-6.279051952931358205e-02
-7.845909572784506847e-02
-9.410831331851435277e-02
-1.097343110910452141e-01
-1.253332335643045359e-01
-1.409012319375828604e-01
-1.564344650402309800e-01
-1.719291002794095802e-01
-1.873813145857245732e-01
-2.027872953565127701e-01
-2.181432413965427586e-01
-2.334453638559055300e-01
-2.486898871648548226e-01
-2.638730499653732520e-01
-2.789911060392295528e-01
-2.940403252323041672e-01
-3.090169943749475068e-01
-3.239174181981494538e-01
-3.387379202452913129e-01
-3.534748437792574194e-01
-3.681245526846781413e-01
-3.826834323650898928e-01
-3.971478906347806204e-01
-4.115143586051090985e-01
-4.257792915650728816e-01
-4.399391698559153019e-01
-4.539904997395468600e-01
-4.679298142605733957e-01
-4.817536741017152124e-01
-4.954586684324077672e-01
-5.090414157503714288e-01
-5.224985647159489099e-01
-5.358267949789966567e-01
-5.490228179981320178e-01
-5.620833778521308055e-01
-5.750052520432786807e-01
-5.877852522924732481e-01
-6.004202253258840161e-01
-6.129070536529763746e-01
-6.252426563357054157e-01
-6.374239897486898565e-01
-6.494480483301837692e-01
-6.613118653236518263e-01
-6.730125135097736466e-01
-6.845471059286888371e-01
-6.959127965923144199e-01
-7.071067811865475727e-01
-7.181262977631888145e-01
-7.289686274214114414e-01
-7.396310949786099043e-01
-7.501110696304597036e-01
-7.604059656000310419e-01
-7.705132427757894753e-01
-7.804304073383299123e-01
-7.901550123756905242e-01
-7.996846584870906938e-01
-8.090169943749474513e-01
-8.181497174250234039e-01
-8.270805742745617195e-01
-8.358073613682703851e-01
-8.443279255020151863e-01
-8.526401643540922892e-01
-8.607420270039438659e-01
-8.686315144381914211e-01
-8.763066800438636950e-01
-8.837656300886934657e-01
-8.910065241883678988e-01
-8.980275757606156484e-01
-9.048270524660194658e-01
-9.114032766354454029e-01
-9.177546256839812511e-01
-9.238795325112867385e-01
-9.297764858882514583e-01
-9.354440308298673790e-01
-9.408807689542255659e-01
-9.460853588275454085e-01
-9.510565162951536422e-01
-9.557930147983302316e-01
-9.602936856769430651e-01
-9.645574184577981880e-01
-9.685831611286311871e-01
-9.723699203976766681e-01
-9.759167619387474346e-01
-9.792228106217657491e-01
-9.822872507286887211e-01
-9.851093261547739788e-01
-9.876883405951377704e-01
-9.900236577165576479e-01
-9.921147013144778759e-01
-9.939609554551797066e-01
-9.955619646030799963e-01
-9.969173337331279638e-01
-9.980267284282715590e-01
-9.988898749619700146e-01
-9.995065603657316000e-01
-9.998766324816605877e-01
-1.000000000000000000e+00
-9.998766324816605877e-01
-9.995065603657316000e-01
-9.988898749619700146e-01
-9.980267284282715590e-01
-9.969173337331279638e-01
-9.955619646030799963e-01
-9.939609554551797066e-01
-9.921147013144777649e-01
-9.900236577165575369e-01
-9.876883405951376593e-01
-9.851093261547738678e-01
-9.822872507286886101e-01
-9.792228106217657491e-01
-9.759167619387473236e-01
-9.723699203976765570e-01
-9.685831611286310761e-01
-9.645574184577979659e-01
-9.602936856769429541e-01
-9.557930147983301206e-01
-9.510565162951535312e-01
-9.460853588275452974e-01
-9.408807689542253438e-01
-9.354440308298672679e-01
-9.297764858882513472e-01
-9.238795325112866275e-01
-9.177546256839810290e-01
-9.114032766354450699e-01
-9.048270524660194658e-01
-8.980275757606155373e-01
-8.910065241883677878e-01
-8.837656300886932437e-01
-8.763066800438634729e-01
-8.686315144381910880e-01
-8.607420270039435328e-01
-8.526401643540921782e-01
-8.443279255020148533e-01
-8.358073613682700520e-01
-8.270805742745617195e-01
-8.181497174250234039e-01
-8.090169943749474513e-01
-7.996846584870902497e-01
-7.901550123756901911e-01
-7.804304073383295792e-01
-7.705132427757891422e-01
-7.604059656000309309e-01
-7.501110696304592595e-01
-7.396310949786094602e-01
-7.289686274214113304e-01
-7.181262977631887034e-01
-7.071067811865474617e-01
-6.959127965923140868e-01
-6.845471059286885041e-01
-6.730125135097732025e-01
-6.613118653236518263e-01
-6.494480483301836582e-01
-6.374239897486894124e-01
-6.252426563357049716e-01
-6.129070536529763746e-01
-6.004202253258839050e-01
-5.877852522924731371e-01
-5.750052520432782366e-01
-5.620833778521303614e-01
-5.490228179981315737e-01
-5.358267949789965456e-01
-5.224985647159484659e-01
-5.090414157503709847e-01
-4.954586684324072676e-01
-4.817536741017151014e-01
-4.679298142605732846e-01
-4.539904997395463604e-01
-4.399391698559148023e-01
-4.257792915650723820e-01
-4.115143586051085989e-01
-3.971478906347805093e-01
-3.826834323650893377e-01
-3.681245526846776417e-01
-3.534748437792568643e-01
-3.387379202452912019e-01
-3.239174181981493428e-01
-3.090169943749470072e-01
-2.940403252323036121e-01
-2.789911060392289976e-01
-2.638730499653726969e-01
-2.486898871648546838e-01
-2.334453638559049748e-01
-2.181432413965422035e-01
-2.027872953565122149e-01
-1.873813145857244622e-01
-1.719291002794094414e-01
-1.564344650402304249e-01
-1.409012319375823052e-01
-1.253332335643039808e-01
-1.097343110910450892e-01
-9.410831331851422787e-02
-7.845909572784449948e-02
-6.279051952931301306e-02
-4.710645070964239456e-02
-3.141075907812811846e-02
-1.570731731182058513e-02
4.440892098500626162e-16
1.570731731182102922e-02
3.141075907812855561e-02
4.710645070964283865e-02
6.279051952931345715e-02
7.845909572784538766e-02
9.410831331851467196e-02
1.097343110910455333e-01
1.253332335643044249e-01
1.409012319375827493e-01
1.564344650402313130e-01
1.719291002794098855e-01
1.873813145857248785e-01
2.027872953565126590e-01
2.181432413965426198e-01
2.334453638559058353e-01
2.486898871648551279e-01
2.638730499653731409e-01
2.789911060392293862e-01
2.940403252323040562e-01
3.090169943749478398e-01
3.239174181981497314e-01
3.387379202452916460e-01
3.534748437792572529e-01
3.681245526846784188e-01
3.826834323650901704e-01
3.971478906347808979e-01
4.115143586051089875e-01
4.257792915650727705e-01
4.399391698559155794e-01
4.539904997395471931e-01
4.679298142605736732e-01
4.817536741017154900e-01
4.954586684324076562e-01
5.090414157503717618e-01
5.224985647159492430e-01
5.358267949789968787e-01
5.490228179981319068e-01
5.620833778521306945e-01
5.750052520432790137e-01
5.877852522924734702e-01
6.004202253258843491e-01
6.129070536529767077e-01
6.252426563357053046e-01
6.374239897486900785e-01
6.494480483301839913e-01
6.613118653236521594e-01
6.730125135097735356e-01
6.845471059286888371e-01
6.959127965923146419e-01
7.071067811865477948e-01
7.181262977631890365e-01
7.289686274214116635e-01
7.396310949786097932e-01
7.501110696304599257e-01
7.604059656000311529e-01
7.705132427757894753e-01
7.804304073383299123e-01
7.901550123756904132e-01
7.996846584870905827e-01
8.090169943749474513e-01
8.181497174250238480e-01
8.270805742745621636e-01
8.358073613682706071e-01
8.443279255020152974e-01
8.526401643540924002e-01
8.607420270039437549e-01
8.686315144381913100e-01
8.763066800438636950e-01
8.837656300886934657e-01
8.910065241883677878e-01
8.980275757606159814e-01
9.048270524660197989e-01
9.114032766354455140e-01
9.177546256839813621e-01
9.238795325112869605e-01
9.297764858882515693e-01
9.354440308298673790e-01
9.408807689542255659e-01
9.460853588275452974e-01
9.510565162951535312e-01
9.557930147983303426e-01
9.602936856769432872e-01
9.645574184577982990e-01
9.685831611286311871e-01
9.723699203976766681e-01
9.759167619387474346e-01
9.792228106217658601e-01
9.822872507286887211e-01
9.851093261547739788e-01
9.876883405951377704e-01
9.900236577165576479e-01
9.921147013144778759e-01
9.939609554551797066e-01
9.955619646030801073e-01
9.969173337331279638e-01
9.980267284282715590e-01
9.988898749619700146e-01
9.995065603657316000e-01
9.998766324816605877e-01
1.000000000000000000e+00
9.998766324816605877e-01
9.995065603657314890e-01
9.988898749619699036e-01
9.980267284282715590e-01
9.969173337331279638e-01
9.955619646030799963e-01
9.939609554551797066e-01
9.921147013144777649e-01
9.900236577165575369e-01
9.876883405951377704e-01
9.851093261547737567e-01
9.822872507286886101e-01
9.792228106217656380e-01
9.759167619387473236e-01
9.723699203976765570e-01
9.685831611286310761e-01
9.645574184577980770e-01
9.602936856769430651e-01
9.557930147983301206e-01
9.510565162951536422e-01
9.460853588275450754e-01
9.408807689542252328e-01
9.354440308298671569e-01
9.297764858882512362e-01
9.238795325112866275e-01
9.177546256839810290e-01
9.114032766354451809e-01
9.048270524660194658e-01
8.980275757606156484e-01
8.910065241883674547e-01
8.837656300886931326e-01
8.763066800438632509e-01
8.686315144381909770e-01
8.607420270039434218e-01
8.526401643540920672e-01
8.443279255020149643e-01
8.358073613682701630e-01
8.270805742745617195e-01
8.181497174250234039e-01
8.090169943749470072e-01
7.996846584870901387e-01
7.901550123756899691e-01
7.804304073383293572e-01
7.705132427757889202e-01
7.604059656000307088e-01
7.501110696304593706e-01
7.396310949786095712e-01
7.289686274214114414e-01
7.181262977631888145e-01
7.071067811865469066e-01
6.959127965923138648e-01
6.845471059286881710e-01
6.730125135097729805e-01
6.613118653236514932e-01
6.494480483301834361e-01
6.374239897486895234e-01
6.252426563357050826e-01
6.129070536529763746e-01
6.004202253258840161e-01
5.877852522924724710e-01
5.750052520432780145e-01
5.620833778521301394e-01
5.490228179981313517e-01
5.358267949789962126e-01
5.224985647159485769e-01
5.090414157503710957e-01
4.954586684324073786e-01
4.817536741017152124e-01
4.679298142605733957e-01
4.539904997395460828e-01
4.399391698559145247e-01
4.257792915650721044e-01
4.115143586051083213e-01
3.971478906347802318e-01
3.826834323650894487e-01
3.681245526846777527e-01
3.534748437792569753e-01
3.387379202452913129e-01
3.239174181981494538e-01
3.090169943749466741e-01
2.940403252323032790e-01
2.789911060392286646e-01
2.638730499653724193e-01
2.486898871648543785e-01
2.334453638559050859e-01
2.181432413965423145e-01
2.027872953565123260e-01
1.873813145857245732e-01
1.719291002794086920e-01
1.564344650402301196e-01
1.409012319375819722e-01
1.253332335643036477e-01
1.097343110910447700e-01
9.410831331851390869e-02
7.845909572784462438e-02
6.279051952931313796e-02
4.710645070964251252e-02
3.141075907812823642e-02
1.570731731181982185e-02
1.224646799147353207e-16
